<?xml version="1.0" encoding="UTF-8"?>
<testsuite name="com.example.categoryservice.CategoryServiceApplicationTests" tests="1" skipped="0" failures="0" errors="0" timestamp="2025-07-14T06:06:51.218Z" hostname="DESKTOP-0ACC7CJ" time="0.582">
  <properties/>
  <testcase name="contextLoads()" classname="com.example.categoryservice.CategoryServiceApplicationTests" time="0.582"/>
  <system-out><![CDATA[13:06:42.308 [Test worker] INFO org.springframework.test.context.support.AnnotationConfigContextLoaderUtils -- Could not detect default configuration classes for test class [com.example.categoryservice.CategoryServiceApplicationTests]: CategoryServiceApplicationTests does not declare any static, non-private, non-final, nested classes annotated with @Configuration.
13:06:42.604 [Test worker] INFO org.springframework.boot.test.context.SpringBootTestContextBootstrapper -- Found @SpringBootConfiguration com.example.categoryservice.CategoryServiceApplication for test class com.example.categoryservice.CategoryServiceApplicationTests

  .   ____          _            __ _ _
 /\\ / ___'_ __ _ _(_)_ __  __ _ \ \ \ \
( ( )\___ | '_ | '_| | '_ \/ _` | \ \ \ \
 \\/  ___)| |_)| | | | | || (_| |  ) ) ) )
  '  |____| .__|_| |_|_| |_\__, | / / / /
 =========|_|==============|___/=/_/_/_/

 :: Spring Boot ::                (v3.5.3)

2025-07-14T13:06:43.580+07:00  INFO 19508 --- [    Test worker] c.e.c.CategoryServiceApplicationTests    : Starting CategoryServiceApplicationTests using Java 17.0.12 with PID 19508 (started by Minh in D:\Minh\ecommerce\category-service)
2025-07-14T13:06:43.582+07:00  INFO 19508 --- [    Test worker] c.e.c.CategoryServiceApplicationTests    : No active profile set, falling back to 1 default profile: "default"
2025-07-14T13:06:45.170+07:00  INFO 19508 --- [    Test worker] .s.d.r.c.RepositoryConfigurationDelegate : Bootstrapping Spring Data JPA repositories in DEFAULT mode.
2025-07-14T13:06:45.263+07:00  INFO 19508 --- [    Test worker] .s.d.r.c.RepositoryConfigurationDelegate : Finished Spring Data repository scanning in 79 ms. Found 1 JPA repository interface.
2025-07-14T13:06:45.967+07:00  INFO 19508 --- [    Test worker] o.hibernate.jpa.internal.util.LogHelper  : HHH000204: Processing PersistenceUnitInfo [name: default]
2025-07-14T13:06:46.091+07:00  INFO 19508 --- [    Test worker] org.hibernate.Version                    : HHH000412: Hibernate ORM core version 6.6.18.Final
2025-07-14T13:06:46.156+07:00  INFO 19508 --- [    Test worker] o.h.c.internal.RegionFactoryInitiator    : HHH000026: Second-level cache disabled
2025-07-14T13:06:46.720+07:00  INFO 19508 --- [    Test worker] o.s.o.j.p.SpringPersistenceUnitInfo      : No LoadTimeWeaver setup: ignoring JPA class transformer
2025-07-14T13:06:46.808+07:00  INFO 19508 --- [    Test worker] com.zaxxer.hikari.HikariDataSource       : HikariPool-1 - Starting...
2025-07-14T13:06:47.263+07:00  INFO 19508 --- [    Test worker] com.zaxxer.hikari.pool.HikariPool        : HikariPool-1 - Added connection org.postgresql.jdbc.PgConnection@655909e2
2025-07-14T13:06:47.266+07:00  INFO 19508 --- [    Test worker] com.zaxxer.hikari.HikariDataSource       : HikariPool-1 - Start completed.
2025-07-14T13:06:47.323+07:00  WARN 19508 --- [    Test worker] org.hibernate.orm.deprecation            : HHH90000025: PostgreSQLDialect does not need to be specified explicitly using 'hibernate.dialect' (remove the property setting and it will be selected by default)
2025-07-14T13:06:47.359+07:00  INFO 19508 --- [    Test worker] org.hibernate.orm.connections.pooling    : HHH10001005: Database info:
	Database JDBC URL [Connecting through datasource 'HikariDataSource (HikariPool-1)']
	Database driver: undefined/unknown
	Database version: 17.5
	Autocommit mode: undefined/unknown
	Isolation level: undefined/unknown
	Minimum pool size: undefined/unknown
	Maximum pool size: undefined/unknown
2025-07-14T13:06:49.062+07:00  INFO 19508 --- [    Test worker] o.h.e.t.j.p.i.JtaPlatformInitiator       : HHH000489: No JTA platform available (set 'hibernate.transaction.jta.platform' to enable JTA platform integration)
2025-07-14T13:06:49.191+07:00  INFO 19508 --- [    Test worker] j.LocalContainerEntityManagerFactoryBean : Initialized JPA EntityManagerFactory for persistence unit 'default'
2025-07-14T13:06:50.566+07:00  WARN 19508 --- [    Test worker] JpaBaseConfiguration$JpaWebConfiguration : spring.jpa.open-in-view is enabled by default. Therefore, database queries may be performed during view rendering. Explicitly configure spring.jpa.open-in-view to disable this warning
2025-07-14T13:06:51.191+07:00  INFO 19508 --- [    Test worker] c.e.c.CategoryServiceApplicationTests    : Started CategoryServiceApplicationTests in 8.261 seconds (process running for 10.467)
]]></system-out>
  <system-err><![CDATA[]]></system-err>
</testsuite>
